STEP to UG
! INFO-     NX STEP AP203 - V12.0
! INFO-      
! INFO-     Start of Translation: 18-OCT-2024  3:01:03 AM
! INFO-      
! STATUS-   Converting Part: G:\Meine Ablage\CAD\3D Druck\FFBeast Wheel\Olukelo\howerboard-dd-ffb-wheel-enclosure\072112-3d.step
! SUMMARY-   
! SUMMARY-    STEP Header Information
! SUMMARY-   
! SUMMARY-  Description      STEP AP214
! SUMMARY-  Imp_Level        1
! SUMMARY-  File_Name        072112-3d.STEP
! SUMMARY-  Date             2019-09-16T08:58:46
! SUMMARY-  Author           Unknown
! SUMMARY-  Organization     Unknown
! SUMMARY-  Pre_Version      SwSTEP 2.0
! SUMMARY-  Orig_System      SolidWorks 2014
! SUMMARY-  Authorization    Unknown
! SUMMARY-  Schema_ID        automotive_design
! SUMMARY-   
! SUMMARY-    Summary of STEP Entities
! SUMMARY-   
! SUMMARY-  Entity Type                                                   Count
! SUMMARY-  -----------                                                   ------
! SUMMARY-  advanced_face ..............................................:    194
! SUMMARY-  application_context ........................................:      2
! SUMMARY-  axis2_placement_3d .........................................:    229
! SUMMARY-  b_spline_curve_with_knots ..................................:     16
! SUMMARY-  b_spline_curve_with_knots_and_rational_b_spline_curve ......:    320
! SUMMARY-  cartesian_point ............................................:   2410
! SUMMARY-  circle .....................................................:     34
! SUMMARY-  closed_shell ...............................................:      1
! SUMMARY-  conical_surface ............................................:      8
! SUMMARY-  cylindrical_surface ........................................:     22
! SUMMARY-  direction ..................................................:    764
! SUMMARY-  edge_curve .................................................:    676
! SUMMARY-  edge_loop ..................................................:    215
! SUMMARY-  face_bound .................................................:     21
! SUMMARY-  face_outer_bound ...........................................:    194
! SUMMARY-  geometric_representation_context_and_global_uncertainty_a ..:      3
! SUMMARY-  length_unit_and_si_unit ....................................:      3
! SUMMARY-  line .......................................................:    306
! SUMMARY-  manifold_solid_brep ........................................:      1
! SUMMARY-  oriented_edge ..............................................:   1352
! SUMMARY-  plane ......................................................:    162
! SUMMARY-  plane_angle_unit_and_si_unit ...............................:      3
! SUMMARY-  product ....................................................:      1
! SUMMARY-  product_context ............................................:      1
! SUMMARY-  product_definition .........................................:      1
! SUMMARY-  product_definition_context .................................:      1
! SUMMARY-  product_definition_formation_with_specified_source .........:      1
! SUMMARY-  product_definition_shape ...................................:      1
! SUMMARY-  product_related_product_category ...........................:      1
! SUMMARY-  si_unit_and_solid_angle_unit ...............................:      3
! SUMMARY-  toroidal_surface ...........................................:      2
! SUMMARY-  uncertainty_measure_with_unit ..............................:      3
! SUMMARY-  vector .....................................................:    306
! SUMMARY-  vertex_point ...............................................:    443
! SUMMARY-                                                               -------
! SUMMARY-  Total                                                           7700
! STATUS-    
! STATUS-   Converting to Output Form (Phase 2 of 3): 18-OCT-2024 3:01:03 AM
! STATUS-    
! STATUS-    
! STATUS-   Generating UG geometry and placing them in parts
! STATUS-    
! STATUS-   Creating the UG part (Phase 3 of 3): 18-OCT-2024  3:01:04 AM
! STATUS-    
! STATUS-   Creating UG solid body from Input Ent Id 706
! STATUS-    
! STATUS-   fixing vertex and/or edge off surface faults
! STATUS-    
! STATUS-   simplifying Bsplines to analytics
! STATUS-    
! STATUS-   converting tolerant edges into exact edges
! STATUS-    
! STATUS-   doing final check of body to report any faults
! STATUS-    
! INFO-     Filing Part ..: G:\Meine Ablage\CAD\3D Druck\FFBeast Wheel\Olukelo\howerboard-dd-ffb-wheel-enclosure\072112-3d_step.prt
! SUMMARY-   
! SUMMARY-  Summary of Unigraphics Part Entities
! SUMMARY-   
! SUMMARY-  Entities Processed             Count
! SUMMARY-  ------------------             -----
! SUMMARY-  Solid .......................:     1
! SUMMARY-                                 -----
! SUMMARY-  Total                              1
! INFO-      
! INFO-     Total number of solids input for this translation       :         1
! INFO-      
! INFO-     Number of solids created without body validation faults :         1
! INFO-      
! INFO-     Number of solids created with body validation fault(s)  :         0
! INFO-      
! INFO-     Number of solids ending up as sheet bodies              :         0
! INFO-      
! INFO-     End of Translation: 18-OCT-2024  3:01:05 AM
! INFO-      
